imageloaderlibrary/build/intermediates/manifest_merge_blame_file/debug/manifest-merger-blame-debug-report.txt
1<?xml version="1.0" encoding="utf-8"?>
2<manifest xmlns:android="http://schemas.android.com/apk/res/android"
3    package="com.nostra13.universalimageloader"
4    android:versionCode="35"
5    android:versionName="1.8.7" >
6
7    <uses-sdk
8        android:minSdkVersion="5"
8-->src/main/AndroidManifest.xml
9        android:targetSdkVersion="16" />
9-->src/main/AndroidManifest.xml
10
11</manifest>